Determining if the pthread_create exist failed with the following output:
Change Dir: /home/tvc/chien197/pcl_tutorials/filtering/statistical_removal/build/CMakeFiles/CMakeTmp

Run Build Command:"/usr/bin/make" "cmTC_3ecfa/fast"
/usr/bin/make -f CMakeFiles/cmTC_3ecfa.dir/build.make CMakeFiles/cmTC_3ecfa.dir/build
make[1]: Entering directory '/home/tvc/chien197/pcl_tutorials/filtering/statistical_removal/build/CMakeFiles/CMakeTmp'
Building C object CMakeFiles/cmTC_3ecfa.dir/CheckSymbolExists.c.o
/usr/bin/cc    -o CMakeFiles/cmTC_3ecfa.dir/CheckSymbolExists.c.o   -c /home/tvc/chien197/pcl_tutorials/filtering/statistical_removal/build/CMakeFiles/CMakeTmp/CheckSymbolExists.c
Linking C executable cmTC_3ecfa
/usr/bin/cmake -E cmake_link_script CMakeFiles/cmTC_3ecfa.dir/link.txt --verbose=1
/usr/bin/cc      -rdynamic CMakeFiles/cmTC_3ecfa.dir/CheckSymbolExists.c.o  -o cmTC_3ecfa 
CMakeFiles/cmTC_3ecfa.dir/CheckSymbolExists.c.o: In function `main':
CheckSymbolExists.c:(.text+0x1b): undefined reference to `pthread_create'
collect2: error: ld returned 1 exit status
CMakeFiles/cmTC_3ecfa.dir/build.make:97: recipe for target 'cmTC_3ecfa' failed
make[1]: *** [cmTC_3ecfa] Error 1
make[1]: Leaving directory '/home/tvc/chien197/pcl_tutorials/filtering/statistical_removal/build/CMakeFiles/CMakeTmp'
Makefile:126: recipe for target 'cmTC_3ecfa/fast' failed
make: *** [cmTC_3ecfa/fast] Error 2

File /home/tvc/chien197/pcl_tutorials/filtering/statistical_removal/build/CMakeFiles/CMakeTmp/CheckSymbolExists.c:
/* */
#include <pthread.h>

int main(int argc, char** argv)
{
  (void)argv;
#ifndef pthread_create
  return ((int*)(&pthread_create))[argc];
#else
  (void)argc;
  return 0;
#endif
}

Determining if the function pthread_create exists in the pthreads failed with the following output:
Change Dir: /home/tvc/chien197/pcl_tutorials/filtering/statistical_removal/build/CMakeFiles/CMakeTmp

Run Build Command:"/usr/bin/make" "cmTC_9ceae/fast"
/usr/bin/make -f CMakeFiles/cmTC_9ceae.dir/build.make CMakeFiles/cmTC_9ceae.dir/build
make[1]: Entering directory '/home/tvc/chien197/pcl_tutorials/filtering/statistical_removal/build/CMakeFiles/CMakeTmp'
Building C object CMakeFiles/cmTC_9ceae.dir/CheckFunctionExists.c.o
/usr/bin/cc   -DCHECK_FUNCTION_EXISTS=pthread_create   -o CMakeFiles/cmTC_9ceae.dir/CheckFunctionExists.c.o   -c /usr/share/cmake-3.10/Modules/CheckFunctionExists.c
Linking C executable cmTC_9ceae
/usr/bin/cmake -E cmake_link_script CMakeFiles/cmTC_9ceae.dir/link.txt --verbose=1
/usr/bin/cc  -DCHECK_FUNCTION_EXISTS=pthread_create    -rdynamic CMakeFiles/cmTC_9ceae.dir/CheckFunctionExists.c.o  -o cmTC_9ceae -lpthreads 
/usr/bin/x86_64-linux-gnu-ld: cannot find -lpthreads
collect2: error: ld returned 1 exit status
CMakeFiles/cmTC_9ceae.dir/build.make:97: recipe for target 'cmTC_9ceae' failed
make[1]: *** [cmTC_9ceae] Error 1
make[1]: Leaving directory '/home/tvc/chien197/pcl_tutorials/filtering/statistical_removal/build/CMakeFiles/CMakeTmp'
Makefile:126: recipe for target 'cmTC_9ceae/fast' failed
make: *** [cmTC_9ceae/fast] Error 2


