Determining if the pthread_create exist failed with the following output:
Change Dir: /home/tvc/chien197/pcl_tutorials/filtering/remove_outliers/build/CMakeFiles/CMakeTmp

Run Build Command:"/usr/bin/make" "cmTC_bee6e/fast"
/usr/bin/make -f CMakeFiles/cmTC_bee6e.dir/build.make CMakeFiles/cmTC_bee6e.dir/build
make[1]: Entering directory '/home/tvc/chien197/pcl_tutorials/filtering/remove_outliers/build/CMakeFiles/CMakeTmp'
Building C object CMakeFiles/cmTC_bee6e.dir/CheckSymbolExists.c.o
/usr/bin/cc    -o CMakeFiles/cmTC_bee6e.dir/CheckSymbolExists.c.o   -c /home/tvc/chien197/pcl_tutorials/filtering/remove_outliers/build/CMakeFiles/CMakeTmp/CheckSymbolExists.c
Linking C executable cmTC_bee6e
/usr/bin/cmake -E cmake_link_script CMakeFiles/cmTC_bee6e.dir/link.txt --verbose=1
/usr/bin/cc      -rdynamic CMakeFiles/cmTC_bee6e.dir/CheckSymbolExists.c.o  -o cmTC_bee6e 
CMakeFiles/cmTC_bee6e.dir/CheckSymbolExists.c.o: In function `main':
CheckSymbolExists.c:(.text+0x1b): undefined reference to `pthread_create'
collect2: error: ld returned 1 exit status
CMakeFiles/cmTC_bee6e.dir/build.make:97: recipe for target 'cmTC_bee6e' failed
make[1]: *** [cmTC_bee6e] Error 1
make[1]: Leaving directory '/home/tvc/chien197/pcl_tutorials/filtering/remove_outliers/build/CMakeFiles/CMakeTmp'
Makefile:126: recipe for target 'cmTC_bee6e/fast' failed
make: *** [cmTC_bee6e/fast] Error 2

File /home/tvc/chien197/pcl_tutorials/filtering/remove_outliers/build/CMakeFiles/CMakeTmp/CheckSymbolExists.c:
/* */
#include <pthread.h>

int main(int argc, char** argv)
{
  (void)argv;
#ifndef pthread_create
  return ((int*)(&pthread_create))[argc];
#else
  (void)argc;
  return 0;
#endif
}

Determining if the function pthread_create exists in the pthreads failed with the following output:
Change Dir: /home/tvc/chien197/pcl_tutorials/filtering/remove_outliers/build/CMakeFiles/CMakeTmp

Run Build Command:"/usr/bin/make" "cmTC_88583/fast"
/usr/bin/make -f CMakeFiles/cmTC_88583.dir/build.make CMakeFiles/cmTC_88583.dir/build
make[1]: Entering directory '/home/tvc/chien197/pcl_tutorials/filtering/remove_outliers/build/CMakeFiles/CMakeTmp'
Building C object CMakeFiles/cmTC_88583.dir/CheckFunctionExists.c.o
/usr/bin/cc   -DCHECK_FUNCTION_EXISTS=pthread_create   -o CMakeFiles/cmTC_88583.dir/CheckFunctionExists.c.o   -c /usr/share/cmake-3.10/Modules/CheckFunctionExists.c
Linking C executable cmTC_88583
/usr/bin/cmake -E cmake_link_script CMakeFiles/cmTC_88583.dir/link.txt --verbose=1
/usr/bin/cc  -DCHECK_FUNCTION_EXISTS=pthread_create    -rdynamic CMakeFiles/cmTC_88583.dir/CheckFunctionExists.c.o  -o cmTC_88583 -lpthreads 
/usr/bin/x86_64-linux-gnu-ld: cannot find -lpthreads
collect2: error: ld returned 1 exit status
CMakeFiles/cmTC_88583.dir/build.make:97: recipe for target 'cmTC_88583' failed
make[1]: *** [cmTC_88583] Error 1
make[1]: Leaving directory '/home/tvc/chien197/pcl_tutorials/filtering/remove_outliers/build/CMakeFiles/CMakeTmp'
Makefile:126: recipe for target 'cmTC_88583/fast' failed
make: *** [cmTC_88583/fast] Error 2


