Determining if the pthread_create exist failed with the following output:
Change Dir: /home/tvc/chien197/pcl_tutorials/filtering/extract_indices/build/CMakeFiles/CMakeTmp

Run Build Command:"/usr/bin/make" "cmTC_e4f7d/fast"
/usr/bin/make -f CMakeFiles/cmTC_e4f7d.dir/build.make CMakeFiles/cmTC_e4f7d.dir/build
make[1]: Entering directory '/home/tvc/chien197/pcl_tutorials/filtering/extract_indices/build/CMakeFiles/CMakeTmp'
Building C object CMakeFiles/cmTC_e4f7d.dir/CheckSymbolExists.c.o
/usr/bin/cc    -o CMakeFiles/cmTC_e4f7d.dir/CheckSymbolExists.c.o   -c /home/tvc/chien197/pcl_tutorials/filtering/extract_indices/build/CMakeFiles/CMakeTmp/CheckSymbolExists.c
Linking C executable cmTC_e4f7d
/usr/bin/cmake -E cmake_link_script CMakeFiles/cmTC_e4f7d.dir/link.txt --verbose=1
/usr/bin/cc      -rdynamic CMakeFiles/cmTC_e4f7d.dir/CheckSymbolExists.c.o  -o cmTC_e4f7d 
CMakeFiles/cmTC_e4f7d.dir/CheckSymbolExists.c.o: In function `main':
CheckSymbolExists.c:(.text+0x1b): undefined reference to `pthread_create'
collect2: error: ld returned 1 exit status
CMakeFiles/cmTC_e4f7d.dir/build.make:97: recipe for target 'cmTC_e4f7d' failed
make[1]: *** [cmTC_e4f7d] Error 1
make[1]: Leaving directory '/home/tvc/chien197/pcl_tutorials/filtering/extract_indices/build/CMakeFiles/CMakeTmp'
Makefile:126: recipe for target 'cmTC_e4f7d/fast' failed
make: *** [cmTC_e4f7d/fast] Error 2

File /home/tvc/chien197/pcl_tutorials/filtering/extract_indices/build/CMakeFiles/CMakeTmp/CheckSymbolExists.c:
/* */
#include <pthread.h>

int main(int argc, char** argv)
{
  (void)argv;
#ifndef pthread_create
  return ((int*)(&pthread_create))[argc];
#else
  (void)argc;
  return 0;
#endif
}

Determining if the function pthread_create exists in the pthreads failed with the following output:
Change Dir: /home/tvc/chien197/pcl_tutorials/filtering/extract_indices/build/CMakeFiles/CMakeTmp

Run Build Command:"/usr/bin/make" "cmTC_bbe41/fast"
/usr/bin/make -f CMakeFiles/cmTC_bbe41.dir/build.make CMakeFiles/cmTC_bbe41.dir/build
make[1]: Entering directory '/home/tvc/chien197/pcl_tutorials/filtering/extract_indices/build/CMakeFiles/CMakeTmp'
Building C object CMakeFiles/cmTC_bbe41.dir/CheckFunctionExists.c.o
/usr/bin/cc   -DCHECK_FUNCTION_EXISTS=pthread_create   -o CMakeFiles/cmTC_bbe41.dir/CheckFunctionExists.c.o   -c /usr/share/cmake-3.10/Modules/CheckFunctionExists.c
Linking C executable cmTC_bbe41
/usr/bin/cmake -E cmake_link_script CMakeFiles/cmTC_bbe41.dir/link.txt --verbose=1
/usr/bin/cc  -DCHECK_FUNCTION_EXISTS=pthread_create    -rdynamic CMakeFiles/cmTC_bbe41.dir/CheckFunctionExists.c.o  -o cmTC_bbe41 -lpthreads 
/usr/bin/x86_64-linux-gnu-ld: cannot find -lpthreads
collect2: error: ld returned 1 exit status
CMakeFiles/cmTC_bbe41.dir/build.make:97: recipe for target 'cmTC_bbe41' failed
make[1]: *** [cmTC_bbe41] Error 1
make[1]: Leaving directory '/home/tvc/chien197/pcl_tutorials/filtering/extract_indices/build/CMakeFiles/CMakeTmp'
Makefile:126: recipe for target 'cmTC_bbe41/fast' failed
make: *** [cmTC_bbe41/fast] Error 2


