Determining if the pthread_create exist failed with the following output:
Change Dir: /home/tvc/chien197/pcl_tutorials/filtering/voxel_grid/build/CMakeFiles/CMakeTmp

Run Build Command:"/usr/bin/make" "cmTC_3db7f/fast"
/usr/bin/make -f CMakeFiles/cmTC_3db7f.dir/build.make CMakeFiles/cmTC_3db7f.dir/build
make[1]: Entering directory '/home/tvc/chien197/pcl_tutorials/filtering/voxel_grid/build/CMakeFiles/CMakeTmp'
Building C object CMakeFiles/cmTC_3db7f.dir/CheckSymbolExists.c.o
/usr/bin/cc    -o CMakeFiles/cmTC_3db7f.dir/CheckSymbolExists.c.o   -c /home/tvc/chien197/pcl_tutorials/filtering/voxel_grid/build/CMakeFiles/CMakeTmp/CheckSymbolExists.c
Linking C executable cmTC_3db7f
/usr/bin/cmake -E cmake_link_script CMakeFiles/cmTC_3db7f.dir/link.txt --verbose=1
/usr/bin/cc      -rdynamic CMakeFiles/cmTC_3db7f.dir/CheckSymbolExists.c.o  -o cmTC_3db7f 
CMakeFiles/cmTC_3db7f.dir/CheckSymbolExists.c.o: In function `main':
CheckSymbolExists.c:(.text+0x1b): undefined reference to `pthread_create'
collect2: error: ld returned 1 exit status
CMakeFiles/cmTC_3db7f.dir/build.make:97: recipe for target 'cmTC_3db7f' failed
make[1]: *** [cmTC_3db7f] Error 1
make[1]: Leaving directory '/home/tvc/chien197/pcl_tutorials/filtering/voxel_grid/build/CMakeFiles/CMakeTmp'
Makefile:126: recipe for target 'cmTC_3db7f/fast' failed
make: *** [cmTC_3db7f/fast] Error 2

File /home/tvc/chien197/pcl_tutorials/filtering/voxel_grid/build/CMakeFiles/CMakeTmp/CheckSymbolExists.c:
/* */
#include <pthread.h>

int main(int argc, char** argv)
{
  (void)argv;
#ifndef pthread_create
  return ((int*)(&pthread_create))[argc];
#else
  (void)argc;
  return 0;
#endif
}

Determining if the function pthread_create exists in the pthreads failed with the following output:
Change Dir: /home/tvc/chien197/pcl_tutorials/filtering/voxel_grid/build/CMakeFiles/CMakeTmp

Run Build Command:"/usr/bin/make" "cmTC_bb7a1/fast"
/usr/bin/make -f CMakeFiles/cmTC_bb7a1.dir/build.make CMakeFiles/cmTC_bb7a1.dir/build
make[1]: Entering directory '/home/tvc/chien197/pcl_tutorials/filtering/voxel_grid/build/CMakeFiles/CMakeTmp'
Building C object CMakeFiles/cmTC_bb7a1.dir/CheckFunctionExists.c.o
/usr/bin/cc   -DCHECK_FUNCTION_EXISTS=pthread_create   -o CMakeFiles/cmTC_bb7a1.dir/CheckFunctionExists.c.o   -c /usr/share/cmake-3.10/Modules/CheckFunctionExists.c
Linking C executable cmTC_bb7a1
/usr/bin/cmake -E cmake_link_script CMakeFiles/cmTC_bb7a1.dir/link.txt --verbose=1
/usr/bin/cc  -DCHECK_FUNCTION_EXISTS=pthread_create    -rdynamic CMakeFiles/cmTC_bb7a1.dir/CheckFunctionExists.c.o  -o cmTC_bb7a1 -lpthreads 
/usr/bin/x86_64-linux-gnu-ld: cannot find -lpthreads
collect2: error: ld returned 1 exit status
CMakeFiles/cmTC_bb7a1.dir/build.make:97: recipe for target 'cmTC_bb7a1' failed
make[1]: *** [cmTC_bb7a1] Error 1
make[1]: Leaving directory '/home/tvc/chien197/pcl_tutorials/filtering/voxel_grid/build/CMakeFiles/CMakeTmp'
Makefile:126: recipe for target 'cmTC_bb7a1/fast' failed
make: *** [cmTC_bb7a1/fast] Error 2


