Determining if the pthread_create exist failed with the following output:
Change Dir: /home/tvc/chien197/pcl_tutorials/clustering/dbscan/build/CMakeFiles/CMakeTmp

Run Build Command:"/usr/bin/make" "cmTC_185fd/fast"
/usr/bin/make -f CMakeFiles/cmTC_185fd.dir/build.make CMakeFiles/cmTC_185fd.dir/build
make[1]: Entering directory '/home/tvc/chien197/pcl_tutorials/clustering/dbscan/build/CMakeFiles/CMakeTmp'
Building C object CMakeFiles/cmTC_185fd.dir/CheckSymbolExists.c.o
/usr/bin/cc    -o CMakeFiles/cmTC_185fd.dir/CheckSymbolExists.c.o   -c /home/tvc/chien197/pcl_tutorials/clustering/dbscan/build/CMakeFiles/CMakeTmp/CheckSymbolExists.c
Linking C executable cmTC_185fd
/usr/bin/cmake -E cmake_link_script CMakeFiles/cmTC_185fd.dir/link.txt --verbose=1
/usr/bin/cc      -rdynamic CMakeFiles/cmTC_185fd.dir/CheckSymbolExists.c.o  -o cmTC_185fd 
CMakeFiles/cmTC_185fd.dir/CheckSymbolExists.c.o: In function `main':
CheckSymbolExists.c:(.text+0x1b): undefined reference to `pthread_create'
collect2: error: ld returned 1 exit status
CMakeFiles/cmTC_185fd.dir/build.make:97: recipe for target 'cmTC_185fd' failed
make[1]: *** [cmTC_185fd] Error 1
make[1]: Leaving directory '/home/tvc/chien197/pcl_tutorials/clustering/dbscan/build/CMakeFiles/CMakeTmp'
Makefile:126: recipe for target 'cmTC_185fd/fast' failed
make: *** [cmTC_185fd/fast] Error 2

File /home/tvc/chien197/pcl_tutorials/clustering/dbscan/build/CMakeFiles/CMakeTmp/CheckSymbolExists.c:
/* */
#include <pthread.h>

int main(int argc, char** argv)
{
  (void)argv;
#ifndef pthread_create
  return ((int*)(&pthread_create))[argc];
#else
  (void)argc;
  return 0;
#endif
}

Determining if the function pthread_create exists in the pthreads failed with the following output:
Change Dir: /home/tvc/chien197/pcl_tutorials/clustering/dbscan/build/CMakeFiles/CMakeTmp

Run Build Command:"/usr/bin/make" "cmTC_2e668/fast"
/usr/bin/make -f CMakeFiles/cmTC_2e668.dir/build.make CMakeFiles/cmTC_2e668.dir/build
make[1]: Entering directory '/home/tvc/chien197/pcl_tutorials/clustering/dbscan/build/CMakeFiles/CMakeTmp'
Building C object CMakeFiles/cmTC_2e668.dir/CheckFunctionExists.c.o
/usr/bin/cc   -DCHECK_FUNCTION_EXISTS=pthread_create   -o CMakeFiles/cmTC_2e668.dir/CheckFunctionExists.c.o   -c /usr/share/cmake-3.10/Modules/CheckFunctionExists.c
Linking C executable cmTC_2e668
/usr/bin/cmake -E cmake_link_script CMakeFiles/cmTC_2e668.dir/link.txt --verbose=1
/usr/bin/cc  -DCHECK_FUNCTION_EXISTS=pthread_create    -rdynamic CMakeFiles/cmTC_2e668.dir/CheckFunctionExists.c.o  -o cmTC_2e668 -lpthreads 
/usr/bin/ld: cannot find -lpthreads
collect2: error: ld returned 1 exit status
CMakeFiles/cmTC_2e668.dir/build.make:97: recipe for target 'cmTC_2e668' failed
make[1]: *** [cmTC_2e668] Error 1
make[1]: Leaving directory '/home/tvc/chien197/pcl_tutorials/clustering/dbscan/build/CMakeFiles/CMakeTmp'
Makefile:126: recipe for target 'cmTC_2e668/fast' failed
make: *** [cmTC_2e668/fast] Error 2


